\BOOKMARK [1][-]{section.1}{\376\377\174\373\176\337\213\276\213\241}{}% 1
\BOOKMARK [2][-]{subsection.1.1}{\376\377\174\373\176\337\166\356\150\007}{section.1}% 2
\BOOKMARK [2][-]{subsection.1.2}{\376\377\174\373\176\337\140\073\117\123\122\237\200\375}{section.1}% 3
\BOOKMARK [3][-]{subsubsection.1.2.1}{\376\377\154\350\121\214\000\057\166\173\137\125\165\114\227\142}{subsection.1.2}% 4
\BOOKMARK [3][-]{subsubsection.1.2.2}{\376\377\116\073\165\114\227\142}{subsection.1.2}% 5
\BOOKMARK [3][-]{subsubsection.1.2.3}{\376\377\127\372\147\054\116\313\176\315\165\114\227\142}{subsection.1.2}% 6
\BOOKMARK [2][-]{subsection.1.3}{\376\377\174\373\176\337\142\200\147\057\215\357\176\277}{section.1}% 7
\BOOKMARK [3][-]{subsubsection.1.3.1}{\376\377\174\373\176\337\137\000\123\321\165\037\124\175\124\150\147\037}{subsection.1.3}% 8
\BOOKMARK [3][-]{subsubsection.1.3.2}{\376\377\174\373\176\337\137\000\123\321\116\073\211\201\142\200\147\057}{subsection.1.3}% 9
\BOOKMARK [3][-]{subsubsection.1.3.3}{\376\377\174\373\176\337\137\000\123\321\213\276\213\241\152\041\137\017}{subsection.1.3}% 10
\BOOKMARK [1][-]{section.2}{\376\377\174\373\176\337\133\236\163\260}{}% 11
\BOOKMARK [2][-]{subsection.2.1}{\376\377\133\236\163\260\217\307\172\013}{section.2}% 12
\BOOKMARK [2][-]{subsection.2.2}{\376\377\121\163\225\056\142\200\147\057}{section.2}% 13
\BOOKMARK [2][-]{subsection.2.3}{\376\377\121\163\225\056\116\343\170\001}{section.2}% 14
\BOOKMARK [3][-]{subsubsection.2.3.1}{\376\377\127\060\126\376\156\062\147\323}{subsection.2.3}% 15
\BOOKMARK [3][-]{subsubsection.2.3.2}{\376\377\176\330\122\066\215\357\176\277}{subsection.2.3}% 16
\BOOKMARK [3][-]{subsubsection.2.3.3}{\376\377\122\027\217\146\145\366\122\073}{subsection.2.3}% 17
\BOOKMARK [3][-]{subsubsection.2.3.4}{\376\377\160\153\217\146\122\250\165\073}{subsection.2.3}% 18
\BOOKMARK [2][-]{subsection.2.4}{\376\377\230\165\227\142\123\312\145\110\147\234\213\364\146\016}{section.2}% 19
\BOOKMARK [1][-]{section.3}{\376\377\133\146\116\140\137\303\137\227}{}% 20
